<?xml version="1.0" encoding="UTF-8" ?>
<testsuite name="MY_TEST" date="Tue Oct 27 09:37:05 2015" tests="2" errors="0" failures="1" time="0" >
    <testcase classname="MyTestSuite2" name="testAddition" line="7" />
    <testcase classname="MyTestSuite2" name="testMultiplication" line="13">
        <failure file="/home/thanhvv/workspace/00_00_test/src/MyTestSuite2.h" line="16" type="failedAssertEquals" >Error: Expected (2 * 2 == 5), found (4 != 5)</failure>
        <system-out >
In MyTestSuite2::testMultiplication:
/home/thanhvv/workspace/00_00_test/src/MyTestSuite2.h:16: Error: Expected (2 * 2 == 5), found (4 != 5)
</system-out>
    </testcase>
</testsuite>
