<?xml version="1.0" ?>
<!DOCTYPE coverage
  SYSTEM 'http://cobertura.sourceforge.net/xml/coverage-03.dtd'>
<coverage branch-rate="0.5" line-rate="1.0" timestamp="1445937946"
 version="gcovr 3.2">
 <sources>
  <source>
   .
  </source>
 </sources>
 <packages>
  <package branch-rate="0.5" complexity="0.0" line-rate="1.0" name="">
   <classes>
    <class branch-rate="0.5" complexity="0.0" filename="example1.cpp"
     line-rate="1.0" name="example1_cpp">
     <methods/>
     <lines>
      <line branch="false" hits="1" number="1"/>
      <line branch="true" condition-coverage="50% (1/2)" hits="1" number="3">
       <conditions>
        <condition coverage="50%" number="0" type="jump"/>
       </conditions>
      </line>
      <line branch="false" hits="1" number="9"/>
      <line branch="false" hits="1" number="13"/>
      <line branch="false" hits="1" number="15"/>
     </lines>
    </class>
   </classes>
  </package>
 </packages>
</coverage>

